<?xml version="1.0" encoding="UTF-8"?>
<!-- Generated by org.testng.reporters.JUnitReportReporter -->
<testsuite hostname="FTIdfAg9i6YdqxJ" failures="0" tests="4" name="quickstart.Tests.DemoTest" time="72.993" errors="0" timestamp="2023-04-13T16:51:14 IST" skipped="0">
  <testcase classname="quickstart.Tests.DemoTest" name="GoogleSearch_LinkedIn" time="29.306"/>
  <system-out/>
  <testcase classname="quickstart.Tests.DemoTest" name="GoogleSearch_Facebook" time="15.326"/>
  <system-out/>
  <testcase classname="quickstart.Tests.DemoTest" name="GoogleSearch_Twitter" time="13.232"/>
  <system-out/>
  <testcase classname="quickstart.Tests.DemoTest" name="GoogleSearch_automationScript" time="15.129"/>
  <system-out/>
</testsuite> <!-- quickstart.Tests.DemoTest -->
